// 重构日志: 6e0707c1
// 重构日志: bf166e4a
// 重构日志: 303e91ec
// 重构日志: 01a62c13
// 同步 ID: b9145038 @ Fri Jul 10 15:35:15 UTC 2026
// 同步 ID: c32a1179 @ Fri Jul 10 17:19:16 UTC 2026
// 同步 ID: 3c900ce0 @ Sat Jul 11 01:11:16 UTC 2026
// 同步 ID: 48f8074c @ Sat Jul 11 09:35:41 UTC 2026
// 重构日志: af30eb15
// 重构日志: 90021955
// 重构日志: ff276476
// 同步 ID: 9793190f @ Sun Jul 12 04:25:14 UTC 2026
// 重构日志: af9535a0
// 重构日志: 5263fce9
// 重构日志: 3bb17e83
// 重构日志: 836be33d
// 同步 ID: cf6ce462 @ Wed Jul 15 11:15:54 UTC 2026
// 重构日志: c79abf39
// 重构日志: 3fed45f6
// 重构日志: bc0f6958
// 重构日志: 387bb3fa
// 同步 ID: f4103c08 @ Sat Jul 18 00:47:29 UTC 2026
// 重构日志: 342645a2
// 同步 ID: c6d23a41 @ Sun Jul 19 16:04:31 UTC 2026
// 重构日志: 554dcb89
// 同步 ID: e64eb9e5 @ Mon Jul 20 16:13:27 UTC 2026
// 重构日志: 59d35c31
// 重构日志: 5ff790b3
// 同步 ID: 44ede122 @ Wed Jul 22 04:32:44 UTC 2026
// 同步 ID: 46dda83a @ Wed Jul 22 07:06:16 UTC 2026
